
> frontend_lhb3@0.0.0 dev
> vite


  VITE v6.2.5  ready in 960 ms

  ➜  Network: http://172.27.16.252:5174/

> frontend_lhb3@0.0.0 dev
> vite

Port 5174 is in use, trying another one...

  VITE v6.2.5  ready in 940 ms

  ➜  Network: http://172.27.16.252:5175/

> frontend_lhb3@0.0.0 dev
> vite


  VITE v6.2.5  ready in 876 ms

  ➜  Network: http://172.27.16.252:5174/
12:59:48 am [vite] (client) hmr update /src/pages/request_booking.jsx, /src/index.css
12:59:48 am [vite] (client) page reload nohup.out
12:59:49 am [vite] (client) hmr update /src/pages/request_booking.jsx, /src/index.css
12:59:49 am [vite] (client) page reload nohup.out
1:00:25 am [vite] (client) hmr update /src/pages/request_booking.jsx, /src/index.css
1:00:25 am [vite] (client) page reload nohup.out
1:00:54 am [vite] (client) hmr update /src/pages/request_booking.jsx, /src/index.css
1:00:54 am [vite] (client) page reload nohup.out
1:00:56 am [vite] (client) hmr update /src/pages/request_booking.jsx, /src/index.css
1:00:56 am [vite] (client) page reload nohup.out
1:02:48 am [vite] (client) hmr update /src/pages/request_booking.jsx, /src/index.css
1:02:48 am [vite] (client) page reload nohup.out
1:02:50 am [vite] (client) hmr update /src/pages/request_booking.jsx, /src/index.css
1:02:50 am [vite] (client) page reload nohup.out
1:03:10 am [vite] (client) hmr update /src/pages/request_booking.jsx, /src/index.css
1:03:10 am [vite] (client) page reload nohup.out
1:03:15 am [vite] (client) hmr update /src/pages/request_booking.jsx, /src/index.css
1:03:15 am [vite] (client) page reload nohup.out
1:03:16 am [vite] (client) hmr update /src/pages/request_booking.jsx, /src/index.css
1:03:16 am [vite] (client) page reload nohup.out
1:03:21 am [vite] (client) hmr update /src/pages/request_booking.jsx, /src/index.css
1:03:21 am [vite] (client) page reload nohup.out
1:03:24 am [vite] (client) hmr update /src/pages/request_booking.jsx, /src/index.css
1:03:24 am [vite] (client) page reload nohup.out
1:03:30 am [vite] (client) hmr update /src/pages/request_booking.jsx, /src/index.css
1:03:30 am [vite] (client) page reload nohup.out
1:03:31 am [vite] (client) hmr update /src/pages/request_booking.jsx, /src/index.css
1:03:31 am [vite] (client) page reload nohup.out
1:04:24 am [vite] (client) hmr update /src/index.css, /src/pages/Request_Booking.css
1:04:24 am [vite] (client) page reload nohup.out
1:05:55 am [vite] (client) hmr update /src/pages/request_booking.jsx, /src/index.css
1:05:55 am [vite] (client) page reload nohup.out
1:05:57 am [vite] (client) hmr update /src/pages/request_booking.jsx, /src/index.css
1:05:57 am [vite] (client) page reload nohup.out
1:08:18 am [vite] (client) hmr update /src/pages/request_booking.jsx, /src/index.css
1:08:18 am [vite] (client) page reload nohup.out
1:08:20 am [vite] (client) hmr update /src/pages/request_booking.jsx, /src/index.css
1:08:20 am [vite] (client) page reload nohup.out
1:08:21 am [vite] (client) hmr update /src/pages/request_booking.jsx, /src/index.css
1:08:21 am [vite] (client) page reload nohup.out
1:13:46 am [vite] (client) hmr update /src/pages/request_booking.jsx, /src/index.css
1:13:46 am [vite] (client) page reload nohup.out
1:13:48 am [vite] (client) hmr update /src/pages/request_booking.jsx, /src/index.css
1:13:48 am [vite] (client) page reload nohup.out
1:15:07 am [vite] (client) hmr update /src/pages/request_booking.jsx, /src/index.css
1:15:07 am [vite] (client) page reload nohup.out
1:15:14 am [vite] (client) hmr update /src/pages/request_booking.jsx, /src/index.css
1:15:14 am [vite] (client) page reload nohup.out
1:15:15 am [vite] (client) hmr update /src/pages/request_booking.jsx, /src/index.css
1:15:15 am [vite] (client) page reload nohup.out
1:17:46 am [vite] (client) hmr update /src/pages/request_booking.jsx, /src/index.css
1:17:46 am [vite] (client) page reload nohup.out
1:17:47 am [vite] (client) hmr update /src/pages/request_booking.jsx, /src/index.css
1:17:47 am [vite] (client) page reload nohup.out
1:17:51 am [vite] (client) hmr update /src/pages/request_booking.jsx, /src/index.css
1:17:51 am [vite] (client) page reload nohup.out
1:18:00 am [vite] (client) hmr update /src/pages/request_booking.jsx, /src/index.css
1:18:00 am [vite] (client) page reload nohup.out
1:18:15 am [vite] (client) hmr update /src/pages/request_booking.jsx, /src/index.css
1:18:15 am [vite] (client) page reload nohup.out
1:18:25 am [vite] (client) hmr update /src/pages/request_booking.jsx, /src/index.css
1:18:25 am [vite] (client) page reload nohup.out
1:18:33 am [vite] (client) hmr update /src/pages/request_booking.jsx, /src/index.css
1:18:33 am [vite] (client) page reload nohup.out
1:19:14 am [vite] (client) hmr update /src/pages/request_booking.jsx, /src/index.css
1:19:14 am [vite] (client) page reload nohup.out
1:19:18 am [vite] (client) hmr update /src/pages/request_booking.jsx, /src/index.css
1:19:18 am [vite] (client) page reload nohup.out
1:19:27 am [vite] (client) hmr update /src/pages/request_booking.jsx, /src/index.css
1:19:27 am [vite] (client) page reload nohup.out
1:19:34 am [vite] (client) hmr update /src/pages/request_booking.jsx, /src/index.css
1:19:34 am [vite] (client) page reload nohup.out
1:19:52 am [vite] (client) hmr update /src/pages/request_booking.jsx, /src/index.css
1:19:52 am [vite] (client) page reload nohup.out
1:20:01 am [vite] (client) hmr update /src/pages/request_booking.jsx, /src/index.css
1:20:01 am [vite] (client) page reload nohup.out
1:20:11 am [vite] (client) hmr update /src/pages/request_booking.jsx, /src/index.css
1:20:11 am [vite] (client) page reload nohup.out
1:25:20 am [vite] (client) hmr update /src/pages/request_booking.jsx, /src/index.css
1:25:20 am [vite] (client) page reload nohup.out
1:25:22 am [vite] (client) hmr update /src/pages/request_booking.jsx, /src/index.css
1:25:22 am [vite] (client) page reload nohup.out
1:25:24 am [vite] (client) hmr update /src/pages/request_booking.jsx, /src/index.css
1:25:24 am [vite] (client) page reload nohup.out
1:25:26 am [vite] (client) hmr update /src/pages/request_booking.jsx, /src/index.css
1:25:26 am [vite] (client) page reload nohup.out
1:25:28 am [vite] (client) hmr update /src/pages/request_booking.jsx, /src/index.css
1:25:28 am [vite] (client) page reload nohup.out
1:25:31 am [vite] (client) hmr update /src/pages/request_booking.jsx, /src/index.css
1:25:31 am [vite] (client) page reload nohup.out
1:31:22 am [vite] (client) hmr update /src/pages/Feedback.jsx, /src/index.css
1:31:22 am [vite] (client) page reload nohup.out
1:31:27 am [vite] (client) hmr update /src/pages/Feedback.jsx, /src/index.css
1:31:27 am [vite] (client) page reload nohup.out
1:31:29 am [vite] (client) hmr update /src/pages/Feedback.jsx, /src/index.css
1:31:29 am [vite] (client) page reload nohup.out
1:31:41 am [vite] (client) hmr update /src/pages/Feedback.jsx, /src/index.css
1:31:41 am [vite] (client) page reload nohup.out
1:55:49 am [vite] (client) hmr update /src/pages/Adminviewbooking.jsx, /src/index.css
1:55:49 am [vite] (client) page reload nohup.out
1:56:17 am [vite] (client) hmr update /src/pages/Adminviewbooking.jsx, /src/index.css
1:56:17 am [vite] (client) page reload nohup.out
1:56:22 am [vite] (client) hmr update /src/pages/Adminviewbooking.jsx, /src/index.css
1:56:22 am [vite] (client) page reload nohup.out
1:58:02 am [vite] (client) hmr update /src/pages/Adminviewbooking.jsx, /src/index.css
1:58:02 am [vite] (client) page reload nohup.out
1:58:05 am [vite] (client) hmr update /src/pages/Adminviewbooking.jsx, /src/index.css
1:58:05 am [vite] (client) page reload nohup.out
1:58:55 am [vite] (client) hmr update /src/pages/Adminviewbooking.jsx, /src/index.css
1:58:55 am [vite] (client) page reload nohup.out
1:59:45 am [vite] (client) hmr update /src/pages/Adminviewbooking.jsx, /src/index.css
1:59:46 am [vite] (client) page reload nohup.out
2:00:01 am [vite] (client) hmr update /src/pages/Adminviewbooking.jsx, /src/index.css
2:00:01 am [vite] (client) page reload nohup.out
2:00:03 am [vite] (client) hmr update /src/pages/Adminviewbooking.jsx, /src/index.css
2:00:03 am [vite] (client) page reload nohup.out
2:01:05 am [vite] (client) hmr update /src/pages/Adminviewbooking.jsx, /src/index.css
2:01:05 am [vite] (client) page reload nohup.out
2:01:11 am [vite] (client) hmr update /src/pages/Adminviewbooking.jsx, /src/index.css
2:01:11 am [vite] (client) page reload nohup.out
2:03:59 am [vite] (client) hmr update /src/pages/Adminviewbooking.jsx, /src/index.css
2:03:59 am [vite] (client) page reload nohup.out
2:05:49 am [vite] (client) hmr update /src/pages/Adminviewbooking.jsx, /src/index.css
2:05:49 am [vite] (client) page reload nohup.out
2:06:03 am [vite] (client) hmr update /src/pages/Adminviewbooking.jsx, /src/index.css
2:06:03 am [vite] (client) page reload nohup.out
2:06:18 am [vite] (client) hmr update /src/pages/Adminviewbooking.jsx, /src/index.css
2:06:18 am [vite] (client) page reload nohup.out
2:06:23 am [vite] (client) hmr update /src/pages/Adminviewbooking.jsx, /src/index.css
2:06:23 am [vite] (client) page reload nohup.out
2:06:28 am [vite] (client) hmr update /src/pages/Adminviewbooking.jsx, /src/index.css
2:06:28 am [vite] (client) page reload nohup.out
2:06:50 am [vite] (client) hmr update /src/pages/Adminviewbooking.jsx, /src/index.css
2:06:50 am [vite] (client) page reload nohup.out
2:06:55 am [vite] (client) hmr update /src/pages/Adminviewbooking.jsx, /src/index.css
2:06:55 am [vite] (client) page reload nohup.out
2:08:53 am [vite] (client) hmr update /src/pages/Adminviewbooking.jsx, /src/index.css
2:08:53 am [vite] (client) page reload nohup.out
2:09:13 am [vite] (client) hmr update /src/pages/Adminviewbooking.jsx, /src/index.css
2:09:13 am [vite] (client) page reload nohup.out
2:09:16 am [vite] (client) hmr update /src/pages/Adminviewbooking.jsx, /src/index.css
2:09:16 am [vite] (client) page reload nohup.out
2:11:33 am [vite] (client) hmr update /src/pages/Adminviewbooking.jsx, /src/index.css
2:11:33 am [vite] (client) page reload nohup.out
2:14:10 am [vite] (client) hmr update /src/pages/Adminviewbooking.jsx, /src/index.css
2:14:10 am [vite] (client) page reload nohup.out
2:18:46 am [vite] (client) hmr update /src/pages/Adminviewbooking.jsx, /src/index.css
2:18:46 am [vite] (client) page reload nohup.out
2:19:21 am [vite] (client) hmr update /src/pages/Adminviewbooking.jsx, /src/index.css
2:19:21 am [vite] (client) page reload nohup.out
2:19:28 am [vite] (client) hmr update /src/pages/Adminviewbooking.jsx, /src/index.css
2:19:28 am [vite] (client) page reload nohup.out
2:19:30 am [vite] (client) hmr update /src/pages/Adminviewbooking.jsx, /src/index.css
2:19:30 am [vite] (client) page reload nohup.out
2:19:31 am [vite] (client) hmr update /src/pages/Adminviewbooking.jsx, /src/index.css
2:19:31 am [vite] (client) page reload nohup.out
2:20:07 am [vite] (client) hmr update /src/pages/Adminviewbooking.jsx, /src/index.css
2:20:07 am [vite] (client) page reload nohup.out
2:20:09 am [vite] (client) hmr update /src/pages/Adminviewbooking.jsx, /src/index.css
2:20:09 am [vite] (client) page reload nohup.out
2:20:11 am [vite] (client) hmr update /src/pages/Adminviewbooking.jsx, /src/index.css
2:20:11 am [vite] (client) page reload nohup.out
2:21:00 am [vite] (client) hmr update /src/pages/Adminviewbooking.jsx, /src/index.css
2:21:00 am [vite] (client) page reload nohup.out
2:21:40 am [vite] (client) hmr update /src/pages/Viewpending.jsx, /src/index.css
2:21:40 am [vite] (client) page reload nohup.out
2:21:41 am [vite] (client) hmr update /src/pages/Viewpending.jsx, /src/index.css
2:21:41 am [vite] (client) page reload nohup.out
2:21:44 am [vite] (client) hmr update /src/pages/Viewpending.jsx, /src/index.css
2:21:44 am [vite] (client) page reload nohup.out
2:22:02 am [vite] (client) hmr update /src/pages/Viewpending.jsx, /src/index.css
2:22:02 am [vite] (client) page reload nohup.out
2:22:07 am [vite] (client) hmr update /src/pages/Viewpending.jsx, /src/index.css
2:22:07 am [vite] (client) page reload nohup.out
2:22:08 am [vite] (client) hmr update /src/pages/Viewpending.jsx, /src/index.css
2:22:08 am [vite] (client) page reload nohup.out
2:22:32 am [vite] (client) hmr update /src/pages/Viewpending.jsx, /src/index.css
2:22:32 am [vite] (client) page reload nohup.out
2:22:54 am [vite] (client) hmr update /src/pages/Viewpending.jsx, /src/index.css
2:22:54 am [vite] (client) page reload nohup.out
2:22:59 am [vite] (client) hmr update /src/pages/Viewpending.jsx, /src/index.css
2:22:59 am [vite] (client) page reload nohup.out
2:23:56 am [vite] (client) hmr update /src/pages/Viewpending.jsx, /src/index.css
2:23:56 am [vite] (client) page reload nohup.out
2:23:57 am [vite] (client) hmr update /src/pages/Viewpending.jsx, /src/index.css
2:23:57 am [vite] (client) page reload nohup.out
2:24:43 am [vite] (client) hmr update /src/pages/Adminviewbooking.jsx, /src/index.css
2:24:43 am [vite] (client) page reload nohup.out
2:24:52 am [vite] (client) hmr update /src/pages/Adminviewbooking.jsx, /src/index.css
2:24:52 am [vite] (client) page reload nohup.out
2:24:58 am [vite] (client) hmr update /src/pages/Adminviewbooking.jsx, /src/index.css
2:24:58 am [vite] (client) page reload nohup.out
2:25:05 am [vite] (client) hmr update /src/pages/Adminviewbooking.jsx, /src/index.css
2:25:05 am [vite] (client) page reload nohup.out
2:25:17 am [vite] (client) hmr update /src/pages/Adminviewbooking.jsx, /src/index.css
2:25:17 am [vite] (client) page reload nohup.out
2:25:29 am [vite] (client) hmr update /src/pages/Adminviewbooking.jsx, /src/index.css
2:25:29 am [vite] (client) page reload nohup.out
2:25:32 am [vite] (client) hmr update /src/pages/Adminviewbooking.jsx, /src/index.css
2:25:32 am [vite] (client) page reload nohup.out
2:27:06 am [vite] (client) hmr update /src/pages/Adminviewbooking.jsx, /src/index.css
2:27:06 am [vite] (client) page reload nohup.out
2:27:11 am [vite] (client) hmr update /src/pages/Adminviewbooking.jsx, /src/index.css
2:27:11 am [vite] (client) page reload nohup.out
2:27:38 am [vite] (client) hmr update /src/pages/Adminviewbooking.jsx, /src/index.css
2:27:38 am [vite] (client) page reload nohup.out
2:27:54 am [vite] (client) hmr update /src/pages/Adminviewbooking.jsx, /src/index.css
2:27:54 am [vite] (client) page reload nohup.out
2:28:39 am [vite] (client) hmr update /src/pages/Viewpending.jsx, /src/index.css
2:28:39 am [vite] (client) page reload nohup.out
2:28:54 am [vite] (client) hmr update /src/pages/Viewpending.jsx, /src/index.css
2:28:54 am [vite] (client) page reload nohup.out
2:29:05 am [vite] (client) hmr update /src/pages/Viewpending.jsx, /src/index.css
2:29:05 am [vite] (client) page reload nohup.out
2:30:09 am [vite] (client) hmr update /src/pages/Viewpending.jsx, /src/index.css
2:30:09 am [vite] (client) page reload nohup.out
2:30:10 am [vite] (client) hmr update /src/pages/Viewpending.jsx, /src/index.css
2:30:10 am [vite] (client) page reload nohup.out
2:30:12 am [vite] (client) hmr update /src/pages/Viewpending.jsx, /src/index.css
2:30:12 am [vite] (client) page reload nohup.out
2:30:20 am [vite] (client) hmr update /src/pages/Viewpending.jsx, /src/index.css
2:30:20 am [vite] (client) page reload nohup.out
2:30:26 am [vite] (client) hmr update /src/pages/Viewpending.jsx, /src/index.css
2:30:26 am [vite] (client) page reload nohup.out
2:30:28 am [vite] (client) hmr update /src/pages/Viewpending.jsx, /src/index.css
2:30:28 am [vite] (client) page reload nohup.out
2:31:33 am [vite] (client) hmr update /src/pages/Viewpending.jsx, /src/index.css
2:31:33 am [vite] (client) page reload nohup.out
2:32:53 am [vite] (client) hmr update /src/pages/Viewpending.jsx, /src/index.css
2:32:53 am [vite] (client) page reload nohup.out
2:32:56 am [vite] (client) hmr update /src/pages/Viewpending.jsx, /src/index.css
2:32:56 am [vite] (client) page reload nohup.out
2:34:08 am [vite] (client) hmr update /src/pages/Viewpending.jsx, /src/index.css
2:34:08 am [vite] (client) page reload nohup.out
2:34:20 am [vite] (client) hmr update /src/pages/Viewpending.jsx, /src/index.css
2:34:20 am [vite] (client) page reload nohup.out
9:52:23 am [vite] (client) hmr update /src/pages/request_booking.jsx, /src/index.css
9:52:23 am [vite] (client) page reload nohup.out
9:52:29 am [vite] (client) hmr update /src/pages/request_booking.jsx, /src/index.css
9:52:29 am [vite] (client) page reload nohup.out
9:52:35 am [vite] (client) hmr update /src/pages/request_booking.jsx, /src/index.css
9:52:35 am [vite] (client) page reload nohup.out
9:52:36 am [vite] (client) hmr update /src/pages/request_booking.jsx, /src/index.css
9:52:36 am [vite] (client) page reload nohup.out
9:52:38 am [vite] (client) hmr update /src/pages/request_booking.jsx, /src/index.css
9:52:38 am [vite] (client) page reload nohup.out
9:52:41 am [vite] (client) hmr update /src/pages/request_booking.jsx, /src/index.css
9:52:41 am [vite] (client) page reload nohup.out
9:52:42 am [vite] (client) hmr update /src/pages/request_booking.jsx, /src/index.css
9:52:42 am [vite] (client) page reload nohup.out
9:52:44 am [vite] (client) hmr update /src/pages/request_booking.jsx, /src/index.css
9:52:44 am [vite] (client) page reload nohup.out
9:52:47 am [vite] (client) hmr update /src/pages/request_booking.jsx, /src/index.css
9:52:47 am [vite] (client) page reload nohup.out
9:52:53 am [vite] (client) hmr update /src/pages/request_booking.jsx, /src/index.css
9:52:53 am [vite] (client) page reload nohup.out
9:54:02 am [vite] (client) hmr update /src/pages/request_booking.jsx, /src/index.css
9:54:02 am [vite] (client) page reload nohup.out
9:54:05 am [vite] (client) hmr update /src/pages/request_booking.jsx, /src/index.css
9:54:05 am [vite] (client) page reload nohup.out
9:54:12 am [vite] (client) hmr update /src/pages/request_booking.jsx, /src/index.css
9:54:12 am [vite] (client) page reload nohup.out
9:54:36 am [vite] (client) hmr update /src/pages/request_booking.jsx, /src/index.css
9:54:36 am [vite] (client) page reload nohup.out
9:54:39 am [vite] (client) hmr update /src/pages/request_booking.jsx, /src/index.css
9:54:39 am [vite] (client) page reload nohup.out
9:54:42 am [vite] (client) hmr update /src/pages/request_booking.jsx, /src/index.css
9:54:42 am [vite] (client) page reload nohup.out
9:54:43 am [vite] (client) hmr update /src/pages/request_booking.jsx, /src/index.css
9:54:43 am [vite] (client) page reload nohup.out
9:55:34 am [vite] (client) hmr update /src/pages/request_booking.jsx, /src/index.css
9:55:34 am [vite] (client) page reload nohup.out
9:55:59 am [vite] (client) hmr update /src/pages/request_booking.jsx, /src/index.css
9:55:59 am [vite] (client) page reload nohup.out
9:56:01 am [vite] (client) hmr update /src/pages/request_booking.jsx, /src/index.css
9:56:01 am [vite] (client) page reload nohup.out
9:56:11 am [vite] (client) hmr update /src/pages/request_booking.jsx, /src/index.css
9:56:11 am [vite] (client) page reload nohup.out
9:56:20 am [vite] (client) hmr update /src/pages/request_booking.jsx, /src/index.css
9:56:20 am [vite] (client) page reload nohup.out
10:07:14 am [vite] (client) hmr update /src/pages/request_booking.jsx, /src/index.css
10:07:14 am [vite] (client) page reload nohup.out
10:07:18 am [vite] (client) hmr update /src/pages/request_booking.jsx, /src/index.css
10:07:18 am [vite] (client) page reload nohup.out
10:07:19 am [vite] (client) hmr update /src/pages/request_booking.jsx, /src/index.css
10:07:19 am [vite] (client) page reload nohup.out
10:07:27 am [vite] (client) hmr update /src/pages/request_booking.jsx, /src/index.css
10:07:27 am [vite] (client) page reload nohup.out
10:07:32 am [vite] (client) hmr update /src/pages/request_booking.jsx, /src/index.css
10:07:32 am [vite] (client) page reload nohup.out
10:07:56 am [vite] (client) hmr update /src/pages/request_booking.jsx, /src/index.css
10:07:56 am [vite] (client) page reload nohup.out
10:07:59 am [vite] (client) hmr update /src/pages/request_booking.jsx, /src/index.css
10:07:59 am [vite] (client) page reload nohup.out
10:08:02 am [vite] (client) hmr update /src/pages/request_booking.jsx, /src/index.css
10:08:02 am [vite] (client) page reload nohup.out
10:08:03 am [vite] (client) hmr update /src/pages/request_booking.jsx, /src/index.css
10:08:03 am [vite] (client) page reload nohup.out
10:09:24 am [vite] (client) hmr update /src/pages/request_booking.jsx, /src/index.css
10:09:24 am [vite] (client) page reload nohup.out
10:09:34 am [vite] (client) hmr update /src/pages/request_booking.jsx, /src/index.css
10:09:34 am [vite] (client) page reload nohup.out
10:10:05 am [vite] (client) hmr update /src/pages/request_booking.jsx, /src/index.css
10:10:05 am [vite] (client) page reload nohup.out
10:10:33 am [vite] (client) hmr update /src/pages/request_booking.jsx, /src/index.css
10:10:33 am [vite] (client) page reload nohup.out
10:10:37 am [vite] (client) hmr update /src/pages/request_booking.jsx, /src/index.css
10:10:37 am [vite] (client) page reload nohup.out
10:11:02 am [vite] (client) hmr update /src/pages/request_booking.jsx, /src/index.css
10:11:02 am [vite] (client) page reload nohup.out
10:11:03 am [vite] (client) hmr update /src/pages/request_booking.jsx, /src/index.css
10:11:03 am [vite] (client) page reload nohup.out
10:11:10 am [vite] (client) hmr update /src/pages/request_booking.jsx, /src/index.css
10:11:10 am [vite] (client) page reload nohup.out
10:11:36 am [vite] (client) hmr update /src/pages/request_booking.jsx, /src/index.css
10:11:36 am [vite] (client) page reload nohup.out
10:11:37 am [vite] (client) hmr update /src/pages/request_booking.jsx, /src/index.css
10:11:37 am [vite] (client) page reload nohup.out
10:11:39 am [vite] (client) hmr update /src/pages/request_booking.jsx, /src/index.css
10:11:39 am [vite] (client) page reload nohup.out
10:11:41 am [vite] (client) hmr update /src/pages/request_booking.jsx, /src/index.css
10:11:41 am [vite] (client) page reload nohup.out
10:11:47 am [vite] (client) hmr update /src/pages/request_booking.jsx, /src/index.css
10:11:47 am [vite] (client) page reload nohup.out
10:12:00 am [vite] (client) hmr update /src/pages/request_booking.jsx, /src/index.css
10:12:00 am [vite] (client) page reload nohup.out
10:12:02 am [vite] (client) hmr update /src/pages/request_booking.jsx, /src/index.css
10:12:02 am [vite] (client) page reload nohup.out
10:12:05 am [vite] (client) hmr update /src/pages/request_booking.jsx, /src/index.css
10:12:05 am [vite] (client) page reload nohup.out
10:12:08 am [vite] (client) hmr update /src/pages/request_booking.jsx, /src/index.css
10:12:08 am [vite] (client) page reload nohup.out
10:12:11 am [vite] (client) hmr update /src/pages/request_booking.jsx, /src/index.css
10:12:11 am [vite] (client) page reload nohup.out
10:12:18 am [vite] (client) hmr update /src/pages/request_booking.jsx, /src/index.css
10:12:18 am [vite] (client) page reload nohup.out
10:12:23 am [vite] (client) hmr update /src/pages/request_booking.jsx, /src/index.css
10:12:23 am [vite] (client) page reload nohup.out
10:12:30 am [vite] (client) hmr update /src/pages/request_booking.jsx, /src/index.css
10:12:30 am [vite] (client) page reload nohup.out
10:12:32 am [vite] (client) hmr update /src/pages/request_booking.jsx, /src/index.css
10:12:32 am [vite] (client) page reload nohup.out
10:12:41 am [vite] (client) hmr update /src/pages/request_booking.jsx, /src/index.css
10:12:41 am [vite] (client) page reload nohup.out
10:12:44 am [vite] (client) hmr update /src/pages/request_booking.jsx, /src/index.css
10:12:44 am [vite] (client) page reload nohup.out
10:12:47 am [vite] (client) hmr update /src/pages/request_booking.jsx, /src/index.css
10:12:47 am [vite] (client) page reload nohup.out
12:14:47 pm [vite] (client) hmr update /src/pages/request_booking.jsx, /src/index.css
12:14:47 pm [vite] (client) page reload nohup.out
12:15:08 pm [vite] (client) hmr update /src/pages/request_booking.jsx, /src/index.css
12:15:08 pm [vite] (client) page reload nohup.out
12:16:14 pm [vite] (client) hmr update /src/pages/request_booking.jsx, /src/index.css
12:16:14 pm [vite] (client) page reload nohup.out
12:16:20 pm [vite] (client) hmr update /src/pages/request_booking.jsx, /src/index.css
12:16:20 pm [vite] (client) page reload nohup.out
12:16:25 pm [vite] (client) hmr update /src/pages/request_booking.jsx, /src/index.css
12:16:25 pm [vite] (client) page reload nohup.out
12:16:38 pm [vite] (client) hmr update /src/index.css, /src/pages/Request_Booking.css
12:16:38 pm [vite] (client) page reload nohup.out
12:17:25 pm [vite] (client) hmr update /src/pages/request_booking.jsx, /src/index.css
12:17:25 pm [vite] (client) page reload nohup.out
12:17:43 pm [vite] (client) hmr update /src/pages/request_booking.jsx, /src/index.css
12:17:43 pm [vite] (client) page reload nohup.out
12:17:45 pm [vite] (client) hmr update /src/pages/request_booking.jsx, /src/index.css
12:17:45 pm [vite] (client) page reload nohup.out
12:17:49 pm [vite] (client) hmr update /src/pages/request_booking.jsx, /src/index.css
12:17:49 pm [vite] (client) page reload nohup.out
12:17:54 pm [vite] (client) hmr update /src/pages/request_booking.jsx, /src/index.css
12:17:54 pm [vite] (client) page reload nohup.out
12:17:58 pm [vite] (client) hmr update /src/pages/request_booking.jsx, /src/index.css
12:17:58 pm [vite] (client) page reload nohup.out
12:18:00 pm [vite] (client) hmr update /src/pages/request_booking.jsx, /src/index.css
12:18:00 pm [vite] (client) page reload nohup.out
12:18:05 pm [vite] (client) hmr update /src/pages/request_booking.jsx, /src/index.css
12:18:05 pm [vite] (client) page reload nohup.out
12:18:06 pm [vite] (client) hmr update /src/pages/request_booking.jsx, /src/index.css
12:18:06 pm [vite] (client) page reload nohup.out
12:18:23 pm [vite] (client) hmr update /src/pages/request_booking.jsx, /src/index.css
12:18:23 pm [vite] (client) page reload nohup.out
12:18:28 pm [vite] (client) hmr update /src/pages/request_booking.jsx, /src/index.css
12:18:28 pm [vite] (client) page reload nohup.out
12:19:00 pm [vite] (client) hmr update /src/pages/request_booking.jsx, /src/index.css
12:19:00 pm [vite] (client) page reload nohup.out
12:19:04 pm [vite] (client) hmr update /src/pages/request_booking.jsx, /src/index.css
12:19:04 pm [vite] (client) page reload nohup.out
12:19:06 pm [vite] (client) hmr update /src/pages/request_booking.jsx, /src/index.css
12:19:06 pm [vite] (client) page reload nohup.out
12:19:09 pm [vite] (client) hmr update /src/pages/request_booking.jsx, /src/index.css
12:19:09 pm [vite] (client) page reload nohup.out
12:19:10 pm [vite] (client) hmr update /src/pages/request_booking.jsx, /src/index.css
12:19:10 pm [vite] (client) page reload nohup.out
12:19:16 pm [vite] (client) hmr update /src/pages/request_booking.jsx, /src/index.css
12:19:16 pm [vite] (client) page reload nohup.out
12:19:21 pm [vite] (client) hmr update /src/pages/request_booking.jsx, /src/index.css
12:19:21 pm [vite] (client) page reload nohup.out
12:19:23 pm [vite] (client) hmr update /src/pages/request_booking.jsx, /src/index.css
12:19:23 pm [vite] (client) page reload nohup.out
12:20:17 pm [vite] (client) hmr update /src/pages/request_booking.jsx, /src/index.css
12:20:17 pm [vite] (client) page reload nohup.out
12:20:22 pm [vite] (client) hmr update /src/pages/request_booking.jsx, /src/index.css
12:20:22 pm [vite] (client) page reload nohup.out
12:20:37 pm [vite] (client) hmr update /src/pages/request_booking.jsx, /src/index.css
12:20:37 pm [vite] (client) page reload nohup.out
12:20:40 pm [vite] (client) hmr update /src/pages/request_booking.jsx, /src/index.css
12:20:40 pm [vite] (client) page reload nohup.out
12:20:44 pm [vite] (client) hmr update /src/pages/request_booking.jsx, /src/index.css
12:20:44 pm [vite] (client) page reload nohup.out
12:20:45 pm [vite] (client) hmr update /src/pages/request_booking.jsx, /src/index.css
12:20:45 pm [vite] (client) page reload nohup.out
12:22:55 pm [vite] (client) hmr update /src/pages/request_booking.jsx, /src/index.css
12:22:55 pm [vite] (client) page reload nohup.out
12:22:58 pm [vite] (client) hmr update /src/pages/request_booking.jsx, /src/index.css
12:22:58 pm [vite] (client) page reload nohup.out
12:23:01 pm [vite] (client) hmr update /src/pages/request_booking.jsx, /src/index.css
12:23:01 pm [vite] (client) page reload nohup.out
12:23:29 pm [vite] (client) hmr update /src/pages/request_booking.jsx, /src/index.css
12:23:29 pm [vite] (client) page reload nohup.out
12:23:30 pm [vite] (client) hmr update /src/pages/request_booking.jsx, /src/index.css
12:23:30 pm [vite] (client) page reload nohup.out
12:23:31 pm [vite] (client) hmr update /src/pages/request_booking.jsx, /src/index.css
12:23:31 pm [vite] (client) page reload nohup.out
12:23:50 pm [vite] (client) hmr update /src/pages/request_booking.jsx, /src/index.css
12:23:50 pm [vite] (client) page reload nohup.out
12:24:01 pm [vite] (client) hmr update /src/pages/request_booking.jsx, /src/index.css
12:24:01 pm [vite] (client) page reload nohup.out
12:24:14 pm [vite] (client) hmr update /src/pages/request_booking.jsx, /src/index.css
12:24:14 pm [vite] (client) page reload nohup.out
12:25:08 pm [vite] (client) hmr update /src/pages/request_booking.jsx, /src/index.css
12:25:08 pm [vite] (client) page reload nohup.out
2:25:05 pm [vite] (client) hmr update /src/pages/request_booking.jsx, /src/index.css
2:25:05 pm [vite] (client) page reload nohup.out
2:25:07 pm [vite] (client) hmr update /src/pages/request_booking.jsx, /src/index.css
2:25:07 pm [vite] (client) page reload nohup.out
2:25:09 pm [vite] (client) hmr update /src/pages/request_booking.jsx, /src/index.css
2:25:09 pm [vite] (client) page reload nohup.out
2:25:12 pm [vite] (client) hmr update /src/pages/request_booking.jsx, /src/index.css
2:25:12 pm [vite] (client) page reload nohup.out
2:25:34 pm [vite] (client) hmr update /src/pages/request_booking.jsx, /src/index.css
2:25:34 pm [vite] (client) page reload nohup.out
2:25:37 pm [vite] (client) hmr update /src/pages/request_booking.jsx, /src/index.css
2:25:37 pm [vite] (client) page reload nohup.out
2:26:13 pm [vite] (client) hmr update /src/pages/request_booking.jsx, /src/index.css
2:26:13 pm [vite] (client) page reload nohup.out
2:26:16 pm [vite] (client) hmr update /src/pages/request_booking.jsx, /src/index.css
2:26:16 pm [vite] (client) page reload nohup.out
2:26:17 pm [vite] (client) hmr update /src/pages/request_booking.jsx, /src/index.css
2:26:17 pm [vite] (client) page reload nohup.out
